Retrieving project…
Deploying borivonteam/borivon
Uploading [--------------------] (0.0B/52B)
Uploading [====================] (52.0B/52B)
Inspect: https://vercel.com/borivonteam/borivon/HozB5woZMcEBPfwia77g4rK7A3N2 [3s]
Production: https://borivon-7a2eg0utq-borivonteam.vercel.app [3s]
https://borivon-7a2eg0utq-borivonteam.vercel.appBuilding...
Building: Running build in Washington, D.C., USA (East) – iad1
Building: Build machine configuration: 2 cores, 8 GB
Building: Retrieving list of deployment files...
Building: Downloading 279 deployment files...
Building: Restored build cache from previous deployment (3m5qVNauJKXgKt6hQ2R2WfwV4fxN)
Building: Running "vercel build"
Building: Vercel CLI 53.3.2
Building: Running "install" command: `npm install`...
Building: up to date, audited 288 packages in 3s
Building: 49 packages are looking for funding
Building: run `npm fund` for details
Building: 2 vulnerabilities (1 moderate, 1 high)
Building: To address all issues, run:
Building: npm audit fix
Building: Run `npm audit` for details.
Building: Detected Next.js version: 15.5.13
Building: Running "npm run build"
Building: > borivon@1.0.0 build
Building: > next build
Building: ▲ Next.js 15.5.13
Building: - Experiments (use with caution):
Building: · optimizePackageImports
Building: Creating an optimized production build ...
Building: Creating an optimized production build ...
Building: ✓ Compiled successfully in 10.5s
Building: Linting and checking validity of types ...
Building: Collecting page data ...
Building: Generating static pages (0/82) ...
Building: Generating static pages (20/82)
Building: Generating static pages (40/82)
Building: Generating static pages (61/82)
Building: ✓ Generating static pages (82/82)
Building: Finalizing page optimization ...
Building: Collecting build traces ...
Building: Route (app)                                                  Size  First Load JS
Building: ┌ ○ /                                                     24.5 kB         215 kB
Building: ├ ○ /_not-found                                             335 B         103 kB
Building: ├ ƒ /[slug]                                               4.49 kB         192 kB
Building: ├ ƒ /api/leads                                              335 B         103 kB
Building: ├ ƒ /api/p/[slug]                                           335 B         103 kB
Building: ├ ƒ /api/portal/admin                                       335 B         103 kB
Building: ├ ƒ /api/portal/admin-photo                                 335 B         103 kB
Building: ├ ƒ /api/portal/admin/agencies                              335 B         103 kB
Building: ├ ƒ /api/portal/admin/agency-profile                        335 B         103 kB
Building: ├ ƒ /api/portal/admin/bootstrap-reset                       335 B         103 kB
Building: ├ ƒ /api/portal/admin/cv-draft                              335 B         103 kB
Building: ├ ƒ /api/portal/admin/delete-user                           335 B         103 kB
Building: ├ ƒ /api/portal/admin/invite-candidate                      335 B         103 kB
Building: ├ ƒ /api/portal/admin/invite-sub-admin                      335 B         103 kB
Building: ├ ƒ /api/portal/admin/me/signature                          335 B         103 kB
Building: ├ ƒ /api/portal/admin/messages                              335 B         103 kB
Building: ├ ƒ /api/portal/admin/migrate-drive-public                  335 B         103 kB
Building: ├ ƒ /api/portal/admin/notifications                         335 B         103 kB
Building: ├ ƒ /api/portal/admin/notifications/[id]/doc                335 B         103 kB
Building: ├ ƒ /api/portal/admin/org-needs                             335 B         103 kB
Building: ├ ƒ /api/portal/admin/organization-requests                 335 B         103 kB
Building: ├ ƒ /api/portal/admin/organizations                         335 B         103 kB
Building: ├ ƒ /api/portal/admin/organizations/[id]                    335 B         103 kB
Building: ├ ƒ /api/portal/admin/organizations/[id]/candidates         335 B         103 kB
Building: ├ ƒ /api/portal/admin/organizations/[id]/generate-invite    335 B         103 kB
Building: ├ ƒ /api/portal/admin/organizations/[id]/members            335 B         103 kB
Building: ├ ƒ /api/portal/admin/organizations/[id]/regenerate-code    335 B         103 kB
Building: ├ ƒ /api/portal/admin/organizations/[id]/requirements       335 B         103 kB
Building: ├ ƒ /api/portal/admin/passport-data-pdf                     335 B         103 kB
Building: ├ ƒ /api/portal/admin/pdf-mappings                          335 B         103 kB
Building: ├ ƒ /api/portal/admin/phase-slots/notify                    335 B         103 kB
Building: ├ ƒ /api/portal/admin/profile-photo                         335 B         103 kB
Building: ├ ƒ /api/portal/admin/sign-request                          335 B         103 kB
Building: ├ ƒ /api/portal/admin/sign-request/[id]                     335 B         103 kB
Building: ├ ƒ /api/portal/admin/signup-notify                         335 B         103 kB
Building: ├ ƒ /api/portal/admin/slot-template                         335 B         103 kB
Building: ├ ƒ /api/portal/admin/sub-admins                            335 B         103 kB
Building: ├ ƒ /api/portal/admin/sub-admins/assign                     335 B         103 kB
Building: ├ ƒ /api/portal/admin/suggested-matches                     335 B         103 kB
Building: ├ ƒ /api/portal/admin/users                                 335 B         103 kB
Building: ├ ƒ /api/portal/admin/verify-user                           335 B         103 kB
Building: ├ ƒ /api/portal/check-email                                 335 B         103 kB
Building: ├ ƒ /api/portal/cv/generate                                 335 B         103 kB
Building: ├ ƒ /api/portal/cv/preview-file                             335 B         103 kB
Building: ├ ƒ /api/portal/documents                                   335 B         103 kB
Building: ├ ƒ /api/portal/documents/[id]                              335 B         103 kB
Building: ├ ƒ /api/portal/documents/merge-pdf                         335 B         103 kB
Building: ├ ƒ /api/portal/feed                                        335 B         103 kB
Building: ├ ƒ /api/portal/feed/[id]                                   335 B         103 kB
Building: ├ ƒ /api/portal/feed/[id]/comments                          335 B         103 kB
Building: ├ ƒ /api/portal/feed/[id]/like                              335 B         103 kB
Building: ├ ƒ /api/portal/feed/communities                            335 B         103 kB
Building: ├ ƒ /api/portal/feed/gifs                                   335 B         103 kB
Building: ├ ƒ /api/portal/feed/seen                                   335 B         103 kB
Building: ├ ƒ /api/portal/feed/unread                                 335 B         103 kB
Building: ├ ƒ /api/portal/file                                        335 B         103 kB
Building: ├ ƒ /api/portal/invite/[code]                               335 B         103 kB
Building: ├ ƒ /api/portal/me/cv-draft                                 335 B         103 kB
Building: ├ ƒ /api/portal/me/organizations                            335 B         103 kB
Building: ├ ƒ /api/portal/me/passport-data-pdf                        335 B         103 kB
Building: ├ ƒ /api/portal/me/profile-photo                            335 B         103 kB
Building: ├ ƒ /api/portal/me/redeem-code                              335 B         103 kB
Building: ├ ƒ /api/portal/me/role                                     335 B         103 kB
Building: ├ ƒ /api/portal/me/sign-requests                            335 B         103 kB
Building: ├ ƒ /api/portal/me/sign-requests/[id]/sign                  335 B         103 kB
Building: ├ ƒ /api/portal/me/signature                                335 B         103 kB
Building: ├ ƒ /api/portal/me/verified                                 335 B         103 kB
Building: ├ ƒ /api/portal/messages                                    335 B         103 kB
Building: ├ ƒ /api/portal/notifications/[id]/doc                      335 B         103 kB
Building: ├ ƒ /api/portal/org/candidates/[userId]                     335 B         103 kB
Building: ├ ƒ /api/portal/org/me                                      335 B         103 kB
Building: ├ ƒ /api/portal/org/requirements                            335 B         103 kB
Building: ├ ƒ /api/portal/passport                                    335 B         103 kB
Building: ├ ƒ /api/portal/passport-pdf                                335 B         103 kB
Building: ├ ƒ /api/portal/phase-slots                                 335 B         103 kB
Building: ├ ƒ /api/portal/pipeline                                    335 B         103 kB
Building: ├ ƒ /api/portal/pipeline/me                                 335 B         103 kB
Building: ├ ƒ /api/portal/qr                                          335 B         103 kB
Building: ├ ƒ /api/portal/slot-template                               335 B         103 kB
Building: ├ ƒ /api/portal/stripe/checkout                             335 B         103 kB
Building: ├ ƒ /api/portal/stripe/webhook                              335 B         103 kB
Building: ├ ƒ /api/portal/upload                                      335 B         103 kB
Building: ├ ƒ /api/portal/verify-turnstile                            335 B         103 kB
Building: ├ ƒ /api/webhooks/docuseal                                  335 B         103 kB
Building: ├ ƒ /join/[...parts]                                      5.28 kB         198 kB
Building: ├ ƒ /p/[slug]                                               547 B         103 kB
Building: ├ ○ /portal                                               5.32 kB         195 kB
Building: ├ ○ /portal/admin                                         76.7 kB         471 kB
Building: ├ ○ /portal/admin/manage                                  4.32 kB         203 kB
Building: ├ ○ /portal/admin/organizations                           11.5 kB         210 kB
Building: ├ ○ /portal/auth/callback                                 3.56 kB         196 kB
Building: ├ ○ /portal/cv-builder                                    27.8 kB         238 kB
Building: ├ ○ /portal/dashboard                                     46.9 kB         441 kB
Building: ├ ○ /portal/feed                                          13.1 kB         205 kB
Building: ├ ƒ /portal/org/candidates/[userId]                       3.59 kB         200 kB
Building: ├ ○ /portal/org/dashboard                                 12.5 kB         209 kB
Building: ├ ○ /portal/terms                                         9.13 kB         133 kB
Building: ├ ○ /privacy-policy                                       7.94 kB         132 kB
Building: ├ ○ /refund-policy                                        3.25 kB         127 kB
Building: ├ ○ /robots.txt                                             335 B         103 kB
Building: ├ ○ /sitemap.xml                                            335 B         103 kB
Building: └ ○ /terms                                                   7 kB         131 kB
Building: + First Load JS shared by all                              102 kB
Building: ├ chunks/1255-b9d6af830fc1c74c.js                       45.9 kB
Building: ├ chunks/4bd1b696-f785427dddbba9fb.js                   54.2 kB
Building: └ other shared chunks (total)                           2.19 kB
Building: ○  (Static)   prerendered as static content
Building: ƒ  (Dynamic)  server-rendered on demand
Building: Traced Next.js server files in: 41.631ms
Building: Created all serverless functions in: 789.68ms
Building: Collected static files (public/, static/, .next/static): 16.117ms
Building: Build Completed in /vercel/output [1m]
Building: Deploying outputs...
Building: Deployment completed
Building: Creating build cache...
[2K[1A[2K[GProduction: https://borivon-7a2eg0utq-borivonteam.vercel.app [5m]
Completing...
Aliased: https://www.borivon.com [5m]
Common next commands:
- `vercel inspect borivon-7a2eg0utq-borivonteam.vercel.app --logs`
- `vercel redeploy borivon-7a2eg0utq-borivonteam.vercel.app`EXIT=0
